--------------------------------------------------------------------------------
Release 14.7 Trace  (nt64)
Copyright (c) 1995-2013 Xilinx, Inc.  All rights reserved.

C:\Users\HanWei\Xilinx\14.7\ISE_DS\ISE\bin\nt64\unwrapped\trce.exe -intstyle
ise -o mojo_top_0.twr -v 30 -l 30 mojo_top_0_routed.ncd mojo_top_0.pcf

Design file:              mojo_top_0_routed.ncd
Physical constraint file: mojo_top_0.pcf
Device,package,speed:     xc6slx9,tqg144,C,-2 (PRODUCTION 1.23 2013-10-13)
Report level:             verbose report, limited to 30 items per constraint

Environment Variable      Effect 
--------------------      ------ 
NONE                      No environment variables were set
--------------------------------------------------------------------------------

INFO:Timing:2698 - No timing constraints found, doing default enumeration.
INFO:Timing:3412 - To improve timing, see the Timing Closure User Guide (UG612).
INFO:Timing:2752 - To get complete path coverage, use the unconstrained paths 
   option. All paths that are not constrained will be reported in the 
   unconstrained paths section(s) of the report.
INFO:Timing:3339 - The clock-to-out numbers in this timing report are based on 
   a 50 Ohm transmission line loading model.  For the details of this model, 
   and for more information on accounting for different loading conditions, 
   please see the device datasheet.



Data Sheet report:
-----------------
All values displayed in nanoseconds (ns)

Pad to Pad
---------------+---------------+---------+
Source Pad     |Destination Pad|  Delay  |
---------------+---------------+---------+
io_dip[0]      |io_led[0]      |   17.416|
io_dip[0]      |io_led[1]      |   17.473|
io_dip[0]      |io_led[2]      |   18.277|
io_dip[0]      |io_led[3]      |   17.831|
io_dip[0]      |io_led[4]      |   18.412|
io_dip[0]      |io_led[5]      |   17.738|
io_dip[0]      |io_led[6]      |   18.311|
io_dip[0]      |io_led[7]      |   18.381|
io_dip[0]      |io_led[16]     |   18.765|
io_dip[0]      |io_led[17]     |   16.570|
io_dip[0]      |io_led[18]     |   16.492|
io_dip[1]      |io_led[0]      |   17.885|
io_dip[1]      |io_led[1]      |   17.942|
io_dip[1]      |io_led[2]      |   18.746|
io_dip[1]      |io_led[3]      |   18.300|
io_dip[1]      |io_led[4]      |   18.881|
io_dip[1]      |io_led[5]      |   18.207|
io_dip[1]      |io_led[6]      |   18.780|
io_dip[1]      |io_led[7]      |   18.850|
io_dip[1]      |io_led[16]     |   19.234|
io_dip[1]      |io_led[17]     |   17.039|
io_dip[1]      |io_led[18]     |   16.961|
io_dip[2]      |io_led[0]      |   18.008|
io_dip[2]      |io_led[1]      |   18.065|
io_dip[2]      |io_led[2]      |   18.869|
io_dip[2]      |io_led[3]      |   18.423|
io_dip[2]      |io_led[4]      |   19.004|
io_dip[2]      |io_led[5]      |   18.330|
io_dip[2]      |io_led[6]      |   18.903|
io_dip[2]      |io_led[7]      |   18.973|
io_dip[2]      |io_led[16]     |   19.357|
io_dip[2]      |io_led[17]     |   17.162|
io_dip[2]      |io_led[18]     |   17.084|
io_dip[3]      |io_led[0]      |   17.886|
io_dip[3]      |io_led[1]      |   17.943|
io_dip[3]      |io_led[2]      |   18.747|
io_dip[3]      |io_led[3]      |   18.301|
io_dip[3]      |io_led[4]      |   18.882|
io_dip[3]      |io_led[5]      |   18.208|
io_dip[3]      |io_led[6]      |   18.781|
io_dip[3]      |io_led[7]      |   18.851|
io_dip[3]      |io_led[16]     |   19.235|
io_dip[3]      |io_led[17]     |   17.040|
io_dip[3]      |io_led[18]     |   16.962|
io_dip[4]      |io_led[0]      |   17.556|
io_dip[4]      |io_led[1]      |   17.613|
io_dip[4]      |io_led[2]      |   18.417|
io_dip[4]      |io_led[3]      |   17.971|
io_dip[4]      |io_led[4]      |   18.552|
io_dip[4]      |io_led[5]      |   17.878|
io_dip[4]      |io_led[6]      |   18.451|
io_dip[4]      |io_led[7]      |   18.521|
io_dip[4]      |io_led[16]     |   18.905|
io_dip[4]      |io_led[17]     |   16.710|
io_dip[4]      |io_led[18]     |   16.632|
io_dip[5]      |io_led[0]      |   17.824|
io_dip[5]      |io_led[1]      |   17.881|
io_dip[5]      |io_led[2]      |   18.685|
io_dip[5]      |io_led[3]      |   18.239|
io_dip[5]      |io_led[4]      |   18.820|
io_dip[5]      |io_led[5]      |   18.146|
io_dip[5]      |io_led[6]      |   18.719|
io_dip[5]      |io_led[7]      |   18.789|
io_dip[5]      |io_led[16]     |   19.173|
io_dip[5]      |io_led[17]     |   16.978|
io_dip[5]      |io_led[18]     |   16.900|
io_dip[6]      |io_led[0]      |   17.888|
io_dip[6]      |io_led[1]      |   17.945|
io_dip[6]      |io_led[2]      |   18.749|
io_dip[6]      |io_led[3]      |   18.303|
io_dip[6]      |io_led[4]      |   18.884|
io_dip[6]      |io_led[5]      |   18.210|
io_dip[6]      |io_led[6]      |   18.783|
io_dip[6]      |io_led[7]      |   18.853|
io_dip[6]      |io_led[16]     |   19.237|
io_dip[6]      |io_led[17]     |   17.042|
io_dip[6]      |io_led[18]     |   16.964|
io_dip[7]      |io_led[0]      |   18.775|
io_dip[7]      |io_led[1]      |   18.832|
io_dip[7]      |io_led[2]      |   19.636|
io_dip[7]      |io_led[3]      |   19.190|
io_dip[7]      |io_led[4]      |   19.771|
io_dip[7]      |io_led[5]      |   19.097|
io_dip[7]      |io_led[6]      |   19.670|
io_dip[7]      |io_led[7]      |   19.740|
io_dip[7]      |io_led[16]     |   20.124|
io_dip[7]      |io_led[17]     |   17.929|
io_dip[7]      |io_led[18]     |   17.851|
io_dip[8]      |io_led[0]      |   17.513|
io_dip[8]      |io_led[1]      |   17.570|
io_dip[8]      |io_led[2]      |   18.374|
io_dip[8]      |io_led[3]      |   17.928|
io_dip[8]      |io_led[4]      |   18.509|
io_dip[8]      |io_led[5]      |   17.835|
io_dip[8]      |io_led[6]      |   18.408|
io_dip[8]      |io_led[7]      |   18.478|
io_dip[8]      |io_led[16]     |   18.862|
io_dip[8]      |io_led[17]     |   16.667|
io_dip[8]      |io_led[18]     |   16.589|
io_dip[9]      |io_led[0]      |   16.909|
io_dip[9]      |io_led[1]      |   16.966|
io_dip[9]      |io_led[2]      |   17.770|
io_dip[9]      |io_led[3]      |   17.324|
io_dip[9]      |io_led[4]      |   17.905|
io_dip[9]      |io_led[5]      |   17.231|
io_dip[9]      |io_led[6]      |   17.804|
io_dip[9]      |io_led[7]      |   17.874|
io_dip[9]      |io_led[16]     |   18.258|
io_dip[9]      |io_led[17]     |   16.063|
io_dip[9]      |io_led[18]     |   15.985|
io_dip[10]     |io_led[0]      |   17.957|
io_dip[10]     |io_led[1]      |   18.014|
io_dip[10]     |io_led[2]      |   18.818|
io_dip[10]     |io_led[3]      |   18.372|
io_dip[10]     |io_led[4]      |   18.953|
io_dip[10]     |io_led[5]      |   18.279|
io_dip[10]     |io_led[6]      |   18.852|
io_dip[10]     |io_led[7]      |   18.922|
io_dip[10]     |io_led[16]     |   19.306|
io_dip[10]     |io_led[17]     |   17.111|
io_dip[10]     |io_led[18]     |   17.033|
io_dip[11]     |io_led[0]      |   17.662|
io_dip[11]     |io_led[1]      |   17.719|
io_dip[11]     |io_led[2]      |   18.523|
io_dip[11]     |io_led[3]      |   18.077|
io_dip[11]     |io_led[4]      |   18.658|
io_dip[11]     |io_led[5]      |   17.984|
io_dip[11]     |io_led[6]      |   18.557|
io_dip[11]     |io_led[7]      |   18.627|
io_dip[11]     |io_led[16]     |   19.011|
io_dip[11]     |io_led[17]     |   16.816|
io_dip[11]     |io_led[18]     |   16.738|
io_dip[12]     |io_led[0]      |   17.423|
io_dip[12]     |io_led[1]      |   17.480|
io_dip[12]     |io_led[2]      |   18.284|
io_dip[12]     |io_led[3]      |   17.838|
io_dip[12]     |io_led[4]      |   18.419|
io_dip[12]     |io_led[5]      |   17.745|
io_dip[12]     |io_led[6]      |   18.318|
io_dip[12]     |io_led[7]      |   18.388|
io_dip[12]     |io_led[16]     |   18.772|
io_dip[12]     |io_led[17]     |   16.577|
io_dip[12]     |io_led[18]     |   16.499|
io_dip[13]     |io_led[0]      |   17.430|
io_dip[13]     |io_led[1]      |   17.487|
io_dip[13]     |io_led[2]      |   18.291|
io_dip[13]     |io_led[3]      |   17.845|
io_dip[13]     |io_led[4]      |   18.426|
io_dip[13]     |io_led[5]      |   17.752|
io_dip[13]     |io_led[6]      |   18.325|
io_dip[13]     |io_led[7]      |   18.395|
io_dip[13]     |io_led[16]     |   18.779|
io_dip[13]     |io_led[17]     |   16.584|
io_dip[13]     |io_led[18]     |   16.506|
io_dip[14]     |io_led[0]      |   17.103|
io_dip[14]     |io_led[1]      |   17.160|
io_dip[14]     |io_led[2]      |   17.964|
io_dip[14]     |io_led[3]      |   17.518|
io_dip[14]     |io_led[4]      |   18.099|
io_dip[14]     |io_led[5]      |   17.425|
io_dip[14]     |io_led[6]      |   17.998|
io_dip[14]     |io_led[7]      |   18.068|
io_dip[14]     |io_led[16]     |   18.452|
io_dip[14]     |io_led[17]     |   16.257|
io_dip[14]     |io_led[18]     |   16.179|
io_dip[15]     |io_led[0]      |   16.955|
io_dip[15]     |io_led[1]      |   17.012|
io_dip[15]     |io_led[2]      |   17.816|
io_dip[15]     |io_led[3]      |   17.370|
io_dip[15]     |io_led[4]      |   17.951|
io_dip[15]     |io_led[5]      |   17.277|
io_dip[15]     |io_led[6]      |   17.850|
io_dip[15]     |io_led[7]      |   17.920|
io_dip[15]     |io_led[16]     |   18.304|
io_dip[15]     |io_led[17]     |   16.109|
io_dip[15]     |io_led[18]     |   16.031|
io_dip[16]     |io_led[0]      |   15.478|
io_dip[16]     |io_led[1]      |   15.787|
io_dip[16]     |io_led[2]      |   16.357|
io_dip[16]     |io_led[3]      |   16.198|
io_dip[16]     |io_led[4]      |   16.698|
io_dip[16]     |io_led[5]      |   16.607|
io_dip[16]     |io_led[6]      |   16.590|
io_dip[16]     |io_led[7]      |   18.290|
io_dip[16]     |io_led[16]     |   17.726|
io_dip[16]     |io_led[17]     |   16.015|
io_dip[16]     |io_led[18]     |   16.401|
io_dip[17]     |io_led[0]      |   15.667|
io_dip[17]     |io_led[1]      |   13.958|
io_dip[17]     |io_led[2]      |   13.905|
io_dip[17]     |io_led[3]      |   14.276|
io_dip[17]     |io_led[4]      |   14.625|
io_dip[17]     |io_led[5]      |   13.861|
io_dip[17]     |io_led[6]      |   14.277|
io_dip[17]     |io_led[7]      |   15.939|
io_dip[17]     |io_led[16]     |   15.375|
io_dip[17]     |io_led[17]     |   13.614|
io_dip[17]     |io_led[18]     |   14.050|
io_dip[18]     |io_led[0]      |   15.083|
io_dip[18]     |io_led[1]      |   14.712|
io_dip[18]     |io_led[2]      |   13.237|
io_dip[18]     |io_led[3]      |   13.275|
io_dip[18]     |io_led[4]      |   14.690|
io_dip[18]     |io_led[5]      |   14.759|
io_dip[18]     |io_led[6]      |   14.884|
io_dip[18]     |io_led[7]      |   14.489|
io_dip[19]     |io_led[0]      |   14.127|
io_dip[19]     |io_led[1]      |   13.636|
io_dip[19]     |io_led[2]      |   12.442|
io_dip[19]     |io_led[3]      |   12.711|
io_dip[19]     |io_led[4]      |   14.288|
io_dip[19]     |io_led[5]      |   14.126|
io_dip[19]     |io_led[6]      |   14.301|
io_dip[19]     |io_led[7]      |   13.597|
io_dip[20]     |io_led[0]      |   14.820|
io_dip[20]     |io_led[1]      |   12.715|
io_dip[20]     |io_led[2]      |   12.069|
io_dip[20]     |io_led[3]      |   12.479|
io_dip[20]     |io_led[4]      |   13.150|
io_dip[20]     |io_led[5]      |   12.766|
io_dip[20]     |io_led[6]      |   12.821|
io_dip[20]     |io_led[7]      |   12.837|
io_dip[21]     |io_led[0]      |   12.807|
io_dip[21]     |io_led[1]      |   12.983|
io_dip[21]     |io_led[2]      |   12.216|
io_dip[21]     |io_led[3]      |   12.591|
io_dip[21]     |io_led[4]      |   12.930|
io_dip[21]     |io_led[5]      |   12.996|
io_dip[21]     |io_led[6]      |   12.945|
io_dip[21]     |io_led[7]      |   12.883|
---------------+---------------+---------+


Analysis completed Wed Oct 19 03:53:41 2016 
--------------------------------------------------------------------------------

Trace Settings:
-------------------------
Trace Settings 

Peak Memory Usage: 214 MB



