
*** Running xst
    with args -ifn "mojo_top_0.xst" -ofn "mojo_top_0.srp" -intstyle ise

Reading design: mojo_top_0.prj

=========================================================================
*                          HDL Parsing                                  *
=========================================================================
Analyzing Verilog file "C:/Users/HanWei/Dropbox/SUTDNotes/ISTD1/CompStruct/WoofComputerStructures/Tenzin/serialportecho/work/planAhead/serialportecho/serialportecho.srcs/sources_1/imports/verilog/uart_tx_6.v" into library work
Parsing module <uart_tx_6>.
Analyzing Verilog file "C:/Users/HanWei/Dropbox/SUTDNotes/ISTD1/CompStruct/WoofComputerStructures/Tenzin/serialportecho/work/planAhead/serialportecho/serialportecho.srcs/sources_1/imports/verilog/uart_rx_5.v" into library work
Parsing module <uart_rx_5>.
Analyzing Verilog file "C:/Users/HanWei/Dropbox/SUTDNotes/ISTD1/CompStruct/WoofComputerStructures/Tenzin/serialportecho/work/planAhead/serialportecho/serialportecho.srcs/sources_1/imports/verilog/spi_slave_4.v" into library work
Parsing module <spi_slave_4>.
Analyzing Verilog file "C:/Users/HanWei/Dropbox/SUTDNotes/ISTD1/CompStruct/WoofComputerStructures/Tenzin/serialportecho/work/planAhead/serialportecho/serialportecho.srcs/sources_1/imports/verilog/cclk_detector_3.v" into library work
Parsing module <cclk_detector_3>.
Analyzing Verilog file "C:/Users/HanWei/Dropbox/SUTDNotes/ISTD1/CompStruct/WoofComputerStructures/Tenzin/serialportecho/work/planAhead/serialportecho/serialportecho.srcs/sources_1/imports/verilog/reset_conditioner_1.v" into library work
Parsing module <reset_conditioner_1>.
Analyzing Verilog file "C:/Users/HanWei/Dropbox/SUTDNotes/ISTD1/CompStruct/WoofComputerStructures/Tenzin/serialportecho/work/planAhead/serialportecho/serialportecho.srcs/sources_1/imports/verilog/avr_interface_2.v" into library work
Parsing module <avr_interface_2>.
Analyzing Verilog file "C:/Users/HanWei/Dropbox/SUTDNotes/ISTD1/CompStruct/WoofComputerStructures/Tenzin/serialportecho/work/planAhead/serialportecho/serialportecho.srcs/sources_1/imports/verilog/mojo_top_0.v" into library work
Parsing module <mojo_top_0>.

=========================================================================
*                            HDL Elaboration                            *
=========================================================================

Elaborating module <mojo_top_0>.

Elaborating module <reset_conditioner_1>.

Elaborating module <avr_interface_2>.

Elaborating module <cclk_detector_3>.

Elaborating module <spi_slave_4>.

Elaborating module <uart_rx_5>.

Elaborating module <uart_tx_6>.
WARNING:HDLCompiler:1127 - "C:/Users/HanWei/Dropbox/SUTDNotes/ISTD1/CompStruct/WoofComputerStructures/Tenzin/serialportecho/work/planAhead/serialportecho/serialportecho.srcs/sources_1/imports/verilog/mojo_top_0.v" Line 66: Assignment to M_avr_new_sample ignored, since the identifier is never used
WARNING:HDLCompiler:1127 - "C:/Users/HanWei/Dropbox/SUTDNotes/ISTD1/CompStruct/WoofComputerStructures/Tenzin/serialportecho/work/planAhead/serialportecho/serialportecho.srcs/sources_1/imports/verilog/mojo_top_0.v" Line 67: Assignment to M_avr_sample ignored, since the identifier is never used
WARNING:HDLCompiler:1127 - "C:/Users/HanWei/Dropbox/SUTDNotes/ISTD1/CompStruct/WoofComputerStructures/Tenzin/serialportecho/work/planAhead/serialportecho/serialportecho.srcs/sources_1/imports/verilog/mojo_top_0.v" Line 68: Assignment to M_avr_sample_channel ignored, since the identifier is never used
WARNING:HDLCompiler:1127 - "C:/Users/HanWei/Dropbox/SUTDNotes/ISTD1/CompStruct/WoofComputerStructures/Tenzin/serialportecho/work/planAhead/serialportecho/serialportecho.srcs/sources_1/imports/verilog/mojo_top_0.v" Line 69: Assignment to M_avr_tx_busy ignored, since the identifier is never used

=========================================================================
*                           HDL Synthesis                               *
=========================================================================

Synthesizing Unit <mojo_top_0>.
    Related source file is "C:/Users/HanWei/Dropbox/SUTDNotes/ISTD1/CompStruct/WoofComputerStructures/Tenzin/serialportecho/work/planAhead/serialportecho/serialportecho.srcs/sources_1/imports/verilog/mojo_top_0.v".
INFO:Xst:3210 - "C:/Users/HanWei/Dropbox/SUTDNotes/ISTD1/CompStruct/WoofComputerStructures/Tenzin/serialportecho/work/planAhead/serialportecho/serialportecho.srcs/sources_1/imports/verilog/mojo_top_0.v" line 51: Output port <sample> of the instance <avr> is unconnected or connected to loadless signal.
INFO:Xst:3210 - "C:/Users/HanWei/Dropbox/SUTDNotes/ISTD1/CompStruct/WoofComputerStructures/Tenzin/serialportecho/work/planAhead/serialportecho/serialportecho.srcs/sources_1/imports/verilog/mojo_top_0.v" line 51: Output port <sample_channel> of the instance <avr> is unconnected or connected to loadless signal.
INFO:Xst:3210 - "C:/Users/HanWei/Dropbox/SUTDNotes/ISTD1/CompStruct/WoofComputerStructures/Tenzin/serialportecho/work/planAhead/serialportecho/serialportecho.srcs/sources_1/imports/verilog/mojo_top_0.v" line 51: Output port <new_sample> of the instance <avr> is unconnected or connected to loadless signal.
INFO:Xst:3210 - "C:/Users/HanWei/Dropbox/SUTDNotes/ISTD1/CompStruct/WoofComputerStructures/Tenzin/serialportecho/work/planAhead/serialportecho/serialportecho.srcs/sources_1/imports/verilog/mojo_top_0.v" line 51: Output port <tx_busy> of the instance <avr> is unconnected or connected to loadless signal.
    Found 8-bit register for signal <led>.
    Summary:
	inferred   8 D-type flip-flop(s).
Unit <mojo_top_0> synthesized.

Synthesizing Unit <reset_conditioner_1>.
    Related source file is "C:/Users/HanWei/Dropbox/SUTDNotes/ISTD1/CompStruct/WoofComputerStructures/Tenzin/serialportecho/work/planAhead/serialportecho/serialportecho.srcs/sources_1/imports/verilog/reset_conditioner_1.v".
    Found 4-bit register for signal <M_stage_q>.
    Summary:
	inferred   4 D-type flip-flop(s).
Unit <reset_conditioner_1> synthesized.

Synthesizing Unit <avr_interface_2>.
    Related source file is "C:/Users/HanWei/Dropbox/SUTDNotes/ISTD1/CompStruct/WoofComputerStructures/Tenzin/serialportecho/work/planAhead/serialportecho/serialportecho.srcs/sources_1/imports/verilog/avr_interface_2.v".
    Found 1-bit register for signal <M_busy_q>.
    Found 1-bit register for signal <M_newSampleReg_q>.
    Found 10-bit register for signal <M_sampleReg_q>.
    Found 4-bit register for signal <M_sampleChannelReg_q>.
    Found 2-bit register for signal <M_byteCt_q>.
    Found 4-bit register for signal <M_block_q>.
    Found finite state machine <FSM_0> for signal <M_byteCt_q>.
    -----------------------------------------------------------------------
    | States             | 3                                              |
    | Transitions        | 7                                              |
    | Inputs             | 2                                              |
    | Outputs            | 5                                              |
    | Clock              | clk (rising_edge)                              |
    | Reset              | n_rdy (positive)                               |
    | Reset type         | synchronous                                    |
    | Reset State        | 00                                             |
    | Power Up State     | 00                                             |
    | Encoding           | auto                                           |
    | Implementation     | LUT                                            |
    -----------------------------------------------------------------------
    Found 1-bit tristate buffer for signal <spi_channel<3>> created at line 98
    Found 1-bit tristate buffer for signal <spi_channel<2>> created at line 98
    Found 1-bit tristate buffer for signal <spi_channel<1>> created at line 98
    Found 1-bit tristate buffer for signal <spi_channel<0>> created at line 98
    Found 1-bit tristate buffer for signal <spi_miso> created at line 98
    Found 1-bit tristate buffer for signal <tx> created at line 98
    Summary:
	inferred  20 D-type flip-flop(s).
	inferred   3 Multiplexer(s).
	inferred   6 Tristate(s).
	inferred   1 Finite State Machine(s).
Unit <avr_interface_2> synthesized.

Synthesizing Unit <cclk_detector_3>.
    Related source file is "C:/Users/HanWei/Dropbox/SUTDNotes/ISTD1/CompStruct/WoofComputerStructures/Tenzin/serialportecho/work/planAhead/serialportecho/serialportecho.srcs/sources_1/imports/verilog/cclk_detector_3.v".
    Found 14-bit register for signal <M_ctr_q>.
    Found 14-bit adder for signal <M_ctr_q[13]_GND_4_o_add_3_OUT> created at line 33.
    Summary:
	inferred   1 Adder/Subtractor(s).
	inferred  14 D-type flip-flop(s).
Unit <cclk_detector_3> synthesized.

Synthesizing Unit <spi_slave_4>.
    Related source file is "C:/Users/HanWei/Dropbox/SUTDNotes/ISTD1/CompStruct/WoofComputerStructures/Tenzin/serialportecho/work/planAhead/serialportecho/serialportecho.srcs/sources_1/imports/verilog/spi_slave_4.v".
    Found 1-bit register for signal <M_miso_reg_q>.
    Found 2-bit register for signal <M_sck_reg_q>.
    Found 1-bit register for signal <M_ss_reg_q>.
    Found 8-bit register for signal <M_data_out_reg_q>.
    Found 1-bit register for signal <M_done_reg_q>.
    Found 3-bit register for signal <M_bit_ct_q>.
    Found 8-bit register for signal <M_data_q>.
    Found 1-bit register for signal <M_mosi_reg_q>.
    Found 3-bit subtractor for signal <M_bit_ct_q[2]_GND_5_o_sub_3_OUT> created at line 61.
    Found 15-bit shifter logical right for signal <n0056> created at line 68
    Summary:
	inferred   1 Adder/Subtractor(s).
	inferred  25 D-type flip-flop(s).
	inferred   8 Multiplexer(s).
	inferred   1 Combinational logic shifter(s).
Unit <spi_slave_4> synthesized.

Synthesizing Unit <uart_rx_5>.
    Related source file is "C:/Users/HanWei/Dropbox/SUTDNotes/ISTD1/CompStruct/WoofComputerStructures/Tenzin/serialportecho/work/planAhead/serialportecho/serialportecho.srcs/sources_1/imports/verilog/uart_rx_5.v".
    Found 3-bit register for signal <M_bitCtr_q>.
    Found 8-bit register for signal <M_savedData_q>.
    Found 1-bit register for signal <M_newData_q>.
    Found 1-bit register for signal <M_rxd_q>.
    Found 2-bit register for signal <M_state_q>.
    Found 7-bit register for signal <M_ctr_q>.
    Found finite state machine <FSM_1> for signal <M_state_q>.
    -----------------------------------------------------------------------
    | States             | 4                                              |
    | Transitions        | 9                                              |
    | Inputs             | 4                                              |
    | Outputs            | 2                                              |
    | Clock              | clk (rising_edge)                              |
    | Reset              | rst (positive)                                 |
    | Reset type         | synchronous                                    |
    | Reset State        | 00                                             |
    | Power Up State     | 00                                             |
    | Encoding           | auto                                           |
    | Implementation     | LUT                                            |
    -----------------------------------------------------------------------
    Found 7-bit adder for signal <M_ctr_q[6]_GND_6_o_add_6_OUT> created at line 69.
    Found 3-bit adder for signal <M_bitCtr_q[2]_GND_6_o_add_8_OUT> created at line 72.
    Summary:
	inferred   2 Adder/Subtractor(s).
	inferred  20 D-type flip-flop(s).
	inferred   6 Multiplexer(s).
	inferred   1 Finite State Machine(s).
Unit <uart_rx_5> synthesized.

Synthesizing Unit <uart_tx_6>.
    Related source file is "C:/Users/HanWei/Dropbox/SUTDNotes/ISTD1/CompStruct/WoofComputerStructures/Tenzin/serialportecho/work/planAhead/serialportecho/serialportecho.srcs/sources_1/imports/verilog/uart_tx_6.v".
    Found 3-bit register for signal <M_bitCtr_q>.
    Found 8-bit register for signal <M_savedData_q>.
    Found 1-bit register for signal <M_txReg_q>.
    Found 1-bit register for signal <M_blockFlag_q>.
    Found 2-bit register for signal <M_state_q>.
    Found 7-bit register for signal <M_ctr_q>.
    Found finite state machine <FSM_2> for signal <M_state_q>.
    -----------------------------------------------------------------------
    | States             | 4                                              |
    | Transitions        | 10                                             |
    | Inputs             | 4                                              |
    | Outputs            | 2                                              |
    | Clock              | clk (rising_edge)                              |
    | Reset              | rst (positive)                                 |
    | Reset type         | synchronous                                    |
    | Reset State        | 00                                             |
    | Power Up State     | 00                                             |
    | Encoding           | auto                                           |
    | Implementation     | LUT                                            |
    -----------------------------------------------------------------------
    Found 3-bit adder for signal <M_bitCtr_q[2]_GND_7_o_add_13_OUT> created at line 80.
    Found 7-bit adder for signal <M_ctr_q[6]_GND_7_o_add_19_OUT> created at line 88.
    Found 15-bit shifter logical right for signal <n0050> created at line 76
    Found 7-bit 4-to-1 multiplexer for signal <M_ctr_d> created at line 54.
    Summary:
	inferred   2 Adder/Subtractor(s).
	inferred  20 D-type flip-flop(s).
	inferred   5 Multiplexer(s).
	inferred   1 Combinational logic shifter(s).
	inferred   1 Finite State Machine(s).
Unit <uart_tx_6> synthesized.

=========================================================================
HDL Synthesis Report

Macro Statistics
# Adders/Subtractors                                   : 6
 14-bit adder                                          : 1
 3-bit adder                                           : 2
 3-bit subtractor                                      : 1
 7-bit adder                                           : 2
# Registers                                            : 26
 1-bit register                                        : 10
 10-bit register                                       : 1
 14-bit register                                       : 1
 2-bit register                                        : 1
 3-bit register                                        : 3
 4-bit register                                        : 3
 7-bit register                                        : 2
 8-bit register                                        : 5
# Multiplexers                                         : 22
 1-bit 2-to-1 multiplexer                              : 12
 10-bit 2-to-1 multiplexer                             : 1
 3-bit 2-to-1 multiplexer                              : 2
 7-bit 2-to-1 multiplexer                              : 6
 7-bit 4-to-1 multiplexer                              : 1
# Logic shifters                                       : 2
 15-bit shifter logical right                          : 2
# Tristates                                            : 6
 1-bit tristate buffer                                 : 6
# FSMs                                                 : 3
# Xors                                                 : 1
 1-bit xor2                                            : 1

=========================================================================

=========================================================================
*                       Advanced HDL Synthesis                          *
=========================================================================


Synthesizing (advanced) Unit <cclk_detector_3>.
The following registers are absorbed into counter <M_ctr_q>: 1 register on signal <M_ctr_q>.
Unit <cclk_detector_3> synthesized (advanced).

Synthesizing (advanced) Unit <spi_slave_4>.
The following registers are absorbed into counter <M_bit_ct_q>: 1 register on signal <M_bit_ct_q>.
Unit <spi_slave_4> synthesized (advanced).

Synthesizing (advanced) Unit <uart_rx_5>.
The following registers are absorbed into counter <M_bitCtr_q>: 1 register on signal <M_bitCtr_q>.
Unit <uart_rx_5> synthesized (advanced).

Synthesizing (advanced) Unit <uart_tx_6>.
The following registers are absorbed into counter <M_bitCtr_q>: 1 register on signal <M_bitCtr_q>.
Unit <uart_tx_6> synthesized (advanced).

=========================================================================
Advanced HDL Synthesis Report

Macro Statistics
# Adders/Subtractors                                   : 2
 7-bit adder                                           : 2
# Counters                                             : 4
 14-bit up counter                                     : 1
 3-bit down counter                                    : 1
 3-bit up counter                                      : 2
# Registers                                            : 88
 Flip-Flops                                            : 88
# Multiplexers                                         : 28
 1-bit 2-to-1 multiplexer                              : 21
 7-bit 2-to-1 multiplexer                              : 6
 7-bit 4-to-1 multiplexer                              : 1
# Logic shifters                                       : 2
 15-bit shifter logical right                          : 2
# FSMs                                                 : 3
# Xors                                                 : 1
 1-bit xor2                                            : 1

=========================================================================

=========================================================================
*                         Low Level Synthesis                           *
=========================================================================
INFO:Xst:2261 - The FF/Latch <M_data_q_0> in Unit <spi_slave_4> is equivalent to the following 7 FFs/Latches, which will be removed : <M_data_q_1> <M_data_q_2> <M_data_q_3> <M_data_q_4> <M_data_q_5> <M_data_q_6> <M_data_q_7> 
Analyzing FSM <MFsm> for best encoding.
Optimizing FSM <avr/FSM_0> on signal <M_byteCt_q[1:2]> with user encoding.
-------------------
 State | Encoding
-------------------
 00    | 00
 01    | 01
 10    | 10
-------------------
Analyzing FSM <MFsm> for best encoding.
Optimizing FSM <avr/uart_tx/FSM_2> on signal <M_state_q[1:2]> with gray encoding.
-------------------
 State | Encoding
-------------------
 00    | 00
 01    | 01
 10    | 11
 11    | 10
-------------------
Analyzing FSM <MFsm> for best encoding.
Optimizing FSM <avr/uart_rx/FSM_1> on signal <M_state_q[1:2]> with gray encoding.
-------------------
 State | Encoding
-------------------
 00    | 00
 01    | 01
 10    | 11
 11    | 10
-------------------
WARNING:Xst:2677 - Node <avr/M_byteCt_q_FSM_FFd1> of sequential type is unconnected in block <mojo_top_0>.
WARNING:Xst:2677 - Node <avr/M_byteCt_q_FSM_FFd2> of sequential type is unconnected in block <mojo_top_0>.
WARNING:Xst:2677 - Node <avr/M_sampleReg_q_9> of sequential type is unconnected in block <mojo_top_0>.
WARNING:Xst:2677 - Node <avr/M_sampleReg_q_8> of sequential type is unconnected in block <mojo_top_0>.
WARNING:Xst:2677 - Node <avr/M_sampleReg_q_7> of sequential type is unconnected in block <mojo_top_0>.
WARNING:Xst:2677 - Node <avr/M_sampleReg_q_6> of sequential type is unconnected in block <mojo_top_0>.
WARNING:Xst:2677 - Node <avr/M_sampleReg_q_5> of sequential type is unconnected in block <mojo_top_0>.
WARNING:Xst:2677 - Node <avr/M_sampleReg_q_4> of sequential type is unconnected in block <mojo_top_0>.
WARNING:Xst:2677 - Node <avr/M_sampleReg_q_3> of sequential type is unconnected in block <mojo_top_0>.
WARNING:Xst:2677 - Node <avr/M_sampleReg_q_2> of sequential type is unconnected in block <mojo_top_0>.
WARNING:Xst:2677 - Node <avr/M_sampleReg_q_1> of sequential type is unconnected in block <mojo_top_0>.
WARNING:Xst:2677 - Node <avr/M_sampleReg_q_0> of sequential type is unconnected in block <mojo_top_0>.
WARNING:Xst:2677 - Node <avr/M_newSampleReg_q> of sequential type is unconnected in block <mojo_top_0>.
WARNING:Xst:2677 - Node <avr/M_sampleChannelReg_q_3> of sequential type is unconnected in block <mojo_top_0>.
WARNING:Xst:2677 - Node <avr/M_sampleChannelReg_q_2> of sequential type is unconnected in block <mojo_top_0>.
WARNING:Xst:2677 - Node <avr/M_sampleChannelReg_q_1> of sequential type is unconnected in block <mojo_top_0>.
WARNING:Xst:2677 - Node <avr/M_sampleChannelReg_q_0> of sequential type is unconnected in block <mojo_top_0>.

Optimizing unit <mojo_top_0> ...

Optimizing unit <uart_tx_6> ...

Optimizing unit <spi_slave_4> ...

Optimizing unit <uart_rx_5> ...
WARNING:Xst:2677 - Node <avr/spi_slave/M_data_out_reg_q_7> of sequential type is unconnected in block <mojo_top_0>.
WARNING:Xst:2677 - Node <avr/spi_slave/M_data_out_reg_q_6> of sequential type is unconnected in block <mojo_top_0>.
WARNING:Xst:2677 - Node <avr/spi_slave/M_data_out_reg_q_5> of sequential type is unconnected in block <mojo_top_0>.
WARNING:Xst:2677 - Node <avr/spi_slave/M_data_out_reg_q_4> of sequential type is unconnected in block <mojo_top_0>.
WARNING:Xst:2677 - Node <avr/spi_slave/M_data_out_reg_q_3> of sequential type is unconnected in block <mojo_top_0>.
WARNING:Xst:2677 - Node <avr/spi_slave/M_data_out_reg_q_2> of sequential type is unconnected in block <mojo_top_0>.
WARNING:Xst:2677 - Node <avr/spi_slave/M_data_out_reg_q_1> of sequential type is unconnected in block <mojo_top_0>.
WARNING:Xst:2677 - Node <avr/spi_slave/M_data_out_reg_q_0> of sequential type is unconnected in block <mojo_top_0>.
WARNING:Xst:2677 - Node <avr/spi_slave/M_done_reg_q> of sequential type is unconnected in block <mojo_top_0>.
WARNING:Xst:2677 - Node <avr/spi_slave/M_mosi_reg_q> of sequential type is unconnected in block <mojo_top_0>.

Mapping all equations...
Building and optimizing final netlist ...
Found area constraint ratio of 100 (+ 0) on block mojo_top_0, actual ratio is 2.

Final Macro Processing ...

Processing Unit <mojo_top_0> :
	Found 3-bit shift register for signal <avr/M_block_q_2>.
INFO:Xst:741 - HDL ADVISOR - A 4-bit shift register was found for signal <reset_cond/M_stage_q_3> and currently occupies 4 logic cells (2 slices). Removing the set/reset logic would take advantage of SRL32 (and derived) primitives and reduce this to 1 logic cells (1 slices). Evaluate if the set/reset can be removed for this simple shift register. The majority of simple pipeline structures do not need to be set/reset operationally.
Unit <mojo_top_0> processed.

=========================================================================
Final Register Report

Macro Statistics
# Registers                                            : 80
 Flip-Flops                                            : 80
# Shift Registers                                      : 1
 3-bit shift register                                  : 1

=========================================================================

=========================================================================
*                           Partition Report                            *
=========================================================================

Partition Implementation Status
-------------------------------

  No Partitions were found in this design.

-------------------------------

=========================================================================
*                            Design Summary                             *
=========================================================================

Clock Information:
------------------
-----------------------------------+------------------------+-------+
Clock Signal                       | Clock buffer(FF name)  | Load  |
-----------------------------------+------------------------+-------+
clk                                | BUFGP                  | 82    |
-----------------------------------+------------------------+-------+

Asynchronous Control Signals Information:
----------------------------------------
No asynchronous control signals found in this design

Timing Summary:
---------------
Speed Grade: -2

   Minimum period: 4.888ns (Maximum Frequency: 204.583MHz)
   Minimum input arrival time before clock: 3.849ns
   Maximum output required time after clock: 7.498ns
   Maximum combinational path delay: 5.901ns

=========================================================================
