
*** Running xst
    with args -ifn "mojo_top_0.xst" -ofn "mojo_top_0.srp" -intstyle ise

Reading design: mojo_top_0.prj

=========================================================================
*                          HDL Parsing                                  *
=========================================================================
Analyzing Verilog file "C:/Users/HanWei/Dropbox/SUTDNotes/ISTD1/CompStruct/WoofComputerStructures/Tenzin/LEDtoButton/work/planAhead/LEDtoButton/LEDtoButton.srcs/sources_1/imports/verilog/reset_conditioner_1.v" into library work
Parsing module <reset_conditioner_1>.
Analyzing Verilog file "C:/Users/HanWei/Dropbox/SUTDNotes/ISTD1/CompStruct/WoofComputerStructures/Tenzin/LEDtoButton/work/planAhead/LEDtoButton/LEDtoButton.srcs/sources_1/imports/verilog/mojo_top_0.v" into library work
Parsing module <mojo_top_0>.

=========================================================================
*                            HDL Elaboration                            *
=========================================================================

Elaborating module <mojo_top_0>.

Elaborating module <reset_conditioner_1>.

=========================================================================
*                           HDL Synthesis                               *
=========================================================================

Synthesizing Unit <mojo_top_0>.
    Related source file is "C:/Users/HanWei/Dropbox/SUTDNotes/ISTD1/CompStruct/WoofComputerStructures/Tenzin/LEDtoButton/work/planAhead/LEDtoButton/LEDtoButton.srcs/sources_1/imports/verilog/mojo_top_0.v".
WARNING:Xst:647 - Input <cclk> is never used. This port will be preserved and left unconnected if it belongs to a top-level block or it belongs to a sub-block and the hierarchy of this sub-block is preserved.
WARNING:Xst:647 - Input <spi_ss> is never used. This port will be preserved and left unconnected if it belongs to a top-level block or it belongs to a sub-block and the hierarchy of this sub-block is preserved.
WARNING:Xst:647 - Input <spi_mosi> is never used. This port will be preserved and left unconnected if it belongs to a top-level block or it belongs to a sub-block and the hierarchy of this sub-block is preserved.
WARNING:Xst:647 - Input <spi_sck> is never used. This port will be preserved and left unconnected if it belongs to a top-level block or it belongs to a sub-block and the hierarchy of this sub-block is preserved.
WARNING:Xst:647 - Input <avr_tx> is never used. This port will be preserved and left unconnected if it belongs to a top-level block or it belongs to a sub-block and the hierarchy of this sub-block is preserved.
WARNING:Xst:647 - Input <avr_rx_busy> is never used. This port will be preserved and left unconnected if it belongs to a top-level block or it belongs to a sub-block and the hierarchy of this sub-block is preserved.
    Found 1-bit tristate buffer for signal <spi_miso> created at line 34
    Found 1-bit tristate buffer for signal <spi_channel<3>> created at line 34
    Found 1-bit tristate buffer for signal <spi_channel<2>> created at line 34
    Found 1-bit tristate buffer for signal <spi_channel<1>> created at line 34
    Found 1-bit tristate buffer for signal <spi_channel<0>> created at line 34
    Found 1-bit tristate buffer for signal <avr_rx> created at line 34
    Summary:
	inferred   6 Tristate(s).
Unit <mojo_top_0> synthesized.

Synthesizing Unit <reset_conditioner_1>.
    Related source file is "C:/Users/HanWei/Dropbox/SUTDNotes/ISTD1/CompStruct/WoofComputerStructures/Tenzin/LEDtoButton/work/planAhead/LEDtoButton/LEDtoButton.srcs/sources_1/imports/verilog/reset_conditioner_1.v".
    Found 4-bit register for signal <M_stage_q>.
    Summary:
	inferred   4 D-type flip-flop(s).
Unit <reset_conditioner_1> synthesized.

=========================================================================
HDL Synthesis Report

Macro Statistics
# Registers                                            : 1
 4-bit register                                        : 1
# Tristates                                            : 6
 1-bit tristate buffer                                 : 6

=========================================================================

=========================================================================
*                       Advanced HDL Synthesis                          *
=========================================================================


=========================================================================
Advanced HDL Synthesis Report

Macro Statistics
# Registers                                            : 4
 Flip-Flops                                            : 4

=========================================================================

=========================================================================
*                         Low Level Synthesis                           *
=========================================================================

Optimizing unit <mojo_top_0> ...

Mapping all equations...
Building and optimizing final netlist ...
Found area constraint ratio of 100 (+ 0) on block mojo_top_0, actual ratio is 0.

Final Macro Processing ...

Processing Unit <mojo_top_0> :
INFO:Xst:741 - HDL ADVISOR - A 4-bit shift register was found for signal <reset_cond/M_stage_q_3> and currently occupies 4 logic cells (2 slices). Removing the set/reset logic would take advantage of SRL32 (and derived) primitives and reduce this to 1 logic cells (1 slices). Evaluate if the set/reset can be removed for this simple shift register. The majority of simple pipeline structures do not need to be set/reset operationally.
Unit <mojo_top_0> processed.

=========================================================================
Final Register Report

Macro Statistics
# Registers                                            : 4
 Flip-Flops                                            : 4

=========================================================================

=========================================================================
*                           Partition Report                            *
=========================================================================

Partition Implementation Status
-------------------------------

  No Partitions were found in this design.

-------------------------------

=========================================================================
*                            Design Summary                             *
=========================================================================

Clock Information:
------------------
-----------------------------------+------------------------+-------+
Clock Signal                       | Clock buffer(FF name)  | Load  |
-----------------------------------+------------------------+-------+
clk                                | BUFGP                  | 4     |
-----------------------------------+------------------------+-------+

Asynchronous Control Signals Information:
----------------------------------------
No asynchronous control signals found in this design

Timing Summary:
---------------
Speed Grade: -2

   Minimum period: 1.280ns (Maximum Frequency: 781.250MHz)
   Minimum input arrival time before clock: 3.526ns
   Maximum output required time after clock: 4.380ns
   Maximum combinational path delay: No path found

=========================================================================
